# JRE version: 7.0_11-b21
# Java VM: Java HotSpot(TM) 64-Bit Server VM (23.6-b04 mixed mode windows-amd64 compressed oops)
Heap
 PSYoungGen      total 222592K, used 160846K [0x00000000f0000000, 0x00000000fe6b0000, 0x0000000100000000)
  eden space 209216K, 74% used [0x00000000f0000000,0x00000000f9887a48,0x00000000fcc50000)
  from space 13376K, 34% used [0x00000000fd9a0000,0x00000000fde2c098,0x00000000fe6b0000)
  to   space 13504K, 0% used [0x00000000fcc50000,0x00000000fcc50000,0x00000000fd980000)
 ParOldGen       total 134592K, used 72005K [0x00000000d0000000, 0x00000000d8370000, 0x00000000f0000000)
  object space 134592K, 53% used [0x00000000d0000000,0x00000000d46516a8,0x00000000d8370000)
 PSPermGen       total 125312K, used 85910K [0x00000000b8000000, 0x00000000bfa60000, 0x00000000d0000000)
  object space 125312K, 68% used [0x00000000b8000000,0x00000000bd3e5ad0,0x00000000bfa60000)
GC Heap History (10 events):
Event: 33946.242 GC heap before
{Heap before GC invocations=60 (full 4):
 PSYoungGen      total 214464K, used 214426K [0x00000000f0000000, 0x00000000fea30000, 0x0000000100000000)
  eden space 208640K, 100% used [0x00000000f0000000,0x00000000fcbc0000,0x00000000fcbc0000)
  from space 5824K, 99% used [0x00000000fcbc0000,0x00000000fd166938,0x00000000fd170000)
  to   space 15488K, 0% used [0x00000000fdb10000,0x00000000fdb10000,0x00000000fea30000)
 ParOldGen       total 134592K, used 71109K [0x00000000d0000000, 0x00000000d8370000, 0x00000000f0000000)
  object space 134592K, 52% used [0x00000000d0000000,0x00000000d45715a0,0x00000000d8370000)
 PSPermGen       total 125312K, used 85842K [0x00000000b8000000, 0x00000000bfa60000, 0x00000000d0000000)
  object space 125312K, 68% used [0x00000000b8000000,0x00000000bd3d4a90,0x00000000bfa60000)
Event: 33946.257 GC heap after
Heap after GC invocations=60 (full 4):
 PSYoungGen      total 223552K, used 5959K [0x00000000f0000000, 0x00000000fe970000, 0x0000000100000000)
  eden space 208832K, 0% used [0x00000000f0000000,0x00000000f0000000,0x00000000fcbf0000)
  from space 14720K, 40% used [0x00000000fdb10000,0x00000000fe0e1f60,0x00000000fe970000)
  to   space 15104K, 0% used [0x00000000fcbf0000,0x00000000fcbf0000,0x00000000fdab0000)
 ParOldGen       total 134592K, used 71221K [0x00000000d0000000, 0x00000000d8370000, 0x00000000f0000000)
  object space 134592K, 52% used [0x00000000d0000000,0x00000000d458d5a0,0x00000000d8370000)
 PSPermGen       total 125312K, used 85842K [0x00000000b8000000, 0x00000000bfa60000, 0x00000000d0000000)
  object space 125312K, 68% used [0x00000000b8000000,0x00000000bd3d4a90,0x00000000bfa60000)
}
Event: 34078.023 GC heap before
{Heap before GC invocations=61 (full 4):
 PSYoungGen      total 223552K, used 214791K [0x00000000f0000000, 0x00000000fe970000, 0x0000000100000000)
  eden space 208832K, 100% used [0x00000000f0000000,0x00000000fcbf0000,0x00000000fcbf0000)
  from space 14720K, 40% used [0x00000000fdb10000,0x00000000fe0e1f60,0x00000000fe970000)
  to   space 15104K, 0% used [0x00000000fcbf0000,0x00000000fcbf0000,0x00000000fdab0000)
 ParOldGen       total 134592K, used 71221K [0x00000000d0000000, 0x00000000d8370000, 0x00000000f0000000)
  object space 134592K, 52% used [0x00000000d0000000,0x00000000d458d5a0,0x00000000d8370000)
 PSPermGen       total 125312K, used 85850K [0x00000000b8000000, 0x00000000bfa60000, 0x00000000d0000000)
  object space 125312K, 68% used [0x00000000b8000000,0x00000000bd3d6898,0x00000000bfa60000)
Event: 34078.039 GC heap after
Heap after GC invocations=61 (full 4):
 PSYoungGen      total 215552K, used 6707K [0x00000000f0000000, 0x00000000fe8a0000, 0x0000000100000000)
  eden space 208832K, 0% used [0x00000000f0000000,0x00000000f0000000,0x00000000fcbf0000)
  from space 6720K, 99% used [0x00000000fcbf0000,0x00000000fd27cc50,0x00000000fd280000)
  to   space 14592K, 0% used [0x00000000fda60000,0x00000000fda60000,0x00000000fe8a0000)
 ParOldGen       total 134592K, used 71309K [0x00000000d0000000, 0x00000000d8370000, 0x00000000f0000000)
  object space 134592K, 52% used [0x00000000d0000000,0x00000000d45a35a0,0x00000000d8370000)
 PSPermGen       total 125312K, used 85850K [0x00000000b8000000, 0x00000000bfa60000, 0x00000000d0000000)
  object space 125312K, 68% used [0x00000000b8000000,0x00000000bd3d6898,0x00000000bfa60000)
}
Event: 35854.708 GC heap before
{Heap before GC invocations=62 (full 4):
 PSYoungGen      total 215552K, used 215539K [0x00000000f0000000, 0x00000000fe8a0000, 0x0000000100000000)
  eden space 208832K, 100% used [0x00000000f0000000,0x00000000fcbf0000,0x00000000fcbf0000)
  from space 6720K, 99% used [0x00000000fcbf0000,0x00000000fd27cc50,0x00000000fd280000)
  to   space 14592K, 0% used [0x00000000fda60000,0x00000000fda60000,0x00000000fe8a0000)
 ParOldGen       total 134592K, used 71309K [0x00000000d0000000, 0x00000000d8370000, 0x00000000f0000000)
  object space 134592K, 52% used [0x00000000d0000000,0x00000000d45a35a0,0x00000000d8370000)
 PSPermGen       total 125312K, used 85867K [0x00000000b8000000, 0x00000000bfa60000, 0x00000000d0000000)
  object space 125312K, 68% used [0x00000000b8000000,0x00000000bd3daec0,0x00000000bfa60000)
Event: 35854.732 GC heap after
Heap after GC invocations=62 (full 4):
 PSYoungGen      total 222336K, used 7588K [0x00000000f0000000, 0x00000000fe760000, 0x0000000100000000)
  eden space 209024K, 0% used [0x00000000f0000000,0x00000000f0000000,0x00000000fcc20000)
  from space 13312K, 57% used [0x00000000fda60000,0x00000000fe1c9370,0x00000000fe760000)
  to   space 13952K, 0% used [0x00000000fcc20000,0x00000000fcc20000,0x00000000fd9c0000)
 ParOldGen       total 134592K, used 71365K [0x00000000d0000000, 0x00000000d8370000, 0x00000000f0000000)
  object space 134592K, 53% used [0x00000000d0000000,0x00000000d45b15a0,0x00000000d8370000)
 PSPermGen       total 125312K, used 85867K [0x00000000b8000000, 0x00000000bfa60000, 0x00000000d0000000)
  object space 125312K, 68% used [0x00000000b8000000,0x00000000bd3daec0,0x00000000bfa60000)
}
Event: 35907.212 GC heap before
{Heap before GC invocations=63 (full 4):
 PSYoungGen      total 222336K, used 216612K [0x00000000f0000000, 0x00000000fe760000, 0x0000000100000000)
  eden space 209024K, 100% used [0x00000000f0000000,0x00000000fcc20000,0x00000000fcc20000)
  from space 13312K, 57% used [0x00000000fda60000,0x00000000fe1c9370,0x00000000fe760000)
  to   space 13952K, 0% used [0x00000000fcc20000,0x00000000fcc20000,0x00000000fd9c0000)
 ParOldGen       total 134592K, used 71365K [0x00000000d0000000, 0x00000000d8370000, 0x00000000f0000000)
  object space 134592K, 53% used [0x00000000d0000000,0x00000000d45b15a0,0x00000000d8370000)
 PSPermGen       total 125312K, used 85867K [0x00000000b8000000, 0x00000000bfa60000, 0x00000000d0000000)
  object space 125312K, 68% used [0x00000000b8000000,0x00000000bd3daee0,0x00000000bfa60000)
Event: 35907.227 GC heap after
Heap after GC invocations=63 (full 4):
 PSYoungGen      total 215232K, used 6189K [0x00000000f0000000, 0x00000000fe6f0000, 0x0000000100000000)
  eden space 209024K, 0% used [0x00000000f0000000,0x00000000f0000000,0x00000000fcc20000)
  from space 6208K, 99% used [0x00000000fcc20000,0x00000000fd22b578,0x00000000fd230000)
  to   space 13632K, 0% used [0x00000000fd9a0000,0x00000000fd9a0000,0x00000000fe6f0000)
 ParOldGen       total 134592K, used 71941K [0x00000000d0000000, 0x00000000d8370000, 0x00000000f0000000)
  object space 134592K, 53% used [0x00000000d0000000,0x00000000d4641698,0x00000000d8370000)
 PSPermGen       total 125312K, used 85867K [0x00000000b8000000, 0x00000000bfa60000, 0x00000000d0000000)
  object space 125312K, 68% used [0x00000000b8000000,0x00000000bd3daee0,0x00000000bfa60000)
}
Event: 36848.653 GC heap before
{Heap before GC invocations=64 (full 4):
 PSYoungGen      total 215232K, used 215213K [0x00000000f0000000, 0x00000000fe6f0000, 0x0000000100000000)
  eden space 209024K, 100% used [0x00000000f0000000,0x00000000fcc20000,0x00000000fcc20000)
  from space 6208K, 99% used [0x00000000fcc20000,0x00000000fd22b578,0x00000000fd230000)
  to   space 13632K, 0% used [0x00000000fd9a0000,0x00000000fd9a0000,0x00000000fe6f0000)
 ParOldGen       total 134592K, used 71941K [0x00000000d0000000, 0x00000000d8370000, 0x00000000f0000000)
  object space 134592K, 53% used [0x00000000d0000000,0x00000000d4641698,0x00000000d8370000)
 PSPermGen       total 125312K, used 85901K [0x00000000b8000000, 0x00000000bfa60000, 0x00000000d0000000)
  object space 125312K, 68% used [0x00000000b8000000,0x00000000bd3e37d0,0x00000000bfa60000)
Event: 36848.671 GC heap after
Heap after GC invocations=64 (full 4):
 PSYoungGen      total 222592K, used 4656K [0x00000000f0000000, 0x00000000fe6b0000, 0x0000000100000000)
  eden space 209216K, 0% used [0x00000000f0000000,0x00000000f0000000,0x00000000fcc50000)
  from space 13376K, 34% used [0x00000000fd9a0000,0x00000000fde2c098,0x00000000fe6b0000)
  to   space 13504K, 0% used [0x00000000fcc50000,0x00000000fcc50000,0x00000000fd980000)
 ParOldGen       total 134592K, used 72005K [0x00000000d0000000, 0x00000000d8370000, 0x00000000f0000000)
  object space 134592K, 53% used [0x00000000d0000000,0x00000000d46516a8,0x00000000d8370000)
 PSPermGen       total 125312K, used 85901K [0x00000000b8000000, 0x00000000bfa60000, 0x00000000d0000000)
  object space 125312K, 68% used [0x00000000b8000000,0x00000000bd3e37d0,0x00000000bfa60000)
}

